Flow report for Lab2
Tue Nov 08 17:27:31 2022
Quartus II 64-Bit Version 9.1 Build 350 03/24/2010 Service Pack 2 SJ Full Version


---------------------
; Table of Contents ;
---------------------
  1. Legal Notice
  2. Flow Summary
  3. Flow Settings
  4. Flow Non-Default Global Settings
  5. Flow Elapsed Time
  6. Flow OS Summary
  7. Flow Log



----------------
; Legal Notice ;
----------------
Copyright (C) 1991-2010 Altera Corporation
Your use of Altera Corporation's design tools, logic functions 
and other software and tools, and its AMPP partner logic 
functions, and any output files from any of the foregoing 
(including device programming or simulation files), and any 
associated documentation or information are expressly subject 
to the terms and conditions of the Altera Program License 
Subscription Agreement, Altera MegaCore Function License 
Agreement, or other applicable license agreement, including, 
without limitation, that your use is for the sole purpose of 
programming logic devices manufactured by Altera and sold by 
Altera or its authorized distributors.  Please refer to the 
applicable agreement for further details.



+------------------------------------------------------------------------------------+
; Flow Summary                                                                       ;
+------------------------------------+-----------------------------------------------+
; Flow Status                        ; Successful - Tue Nov 08 17:27:31 2022         ;
; Quartus II 64-Bit Version          ; 9.1 Build 350 03/24/2010 SP 2 SJ Full Version ;
; Revision Name                      ; Lab2                                          ;
; Top-level Entity Name              ; ALU4B_ON_HARDWARE                             ;
; Family                             ; Cyclone II                                    ;
; Device                             ; EP2C35F672C6                                  ;
; Timing Models                      ; Final                                         ;
; Met timing requirements            ; Yes                                           ;
; Total logic elements               ; 117 / 33,216 ( < 1 % )                        ;
;     Total combinational functions  ; 117 / 33,216 ( < 1 % )                        ;
;     Dedicated logic registers      ; 0 / 33,216 ( 0 % )                            ;
; Total registers                    ; 0                                             ;
; Total pins                         ; 78 / 475 ( 16 % )                             ;
; Total virtual pins                 ; 0                                             ;
; Total memory bits                  ; 0 / 483,840 ( 0 % )                           ;
; Embedded Multiplier 9-bit elements ; 0 / 70 ( 0 % )                                ;
; Total PLLs                         ; 0 / 4 ( 0 % )                                 ;
+------------------------------------+-----------------------------------------------+


+-----------------------------------------+
; Flow Settings                           ;
+-------------------+---------------------+
; Option            ; Setting             ;
+-------------------+---------------------+
; Start date & time ; 11/08/2022 17:27:16 ;
; Main task         ; Compilation         ;
; Revision Name     ; Lab2                ;
+-------------------+---------------------+


+--------------------------------------------------------------------------------------------------------------------------+
; Flow Non-Default Global Settings                                                                                         ;
+------------------------------------+--------------------------------+---------------+-------------------+----------------+
; Assignment Name                    ; Value                          ; Default Value ; Entity Name       ; Section Id     ;
+------------------------------------+--------------------------------+---------------+-------------------+----------------+
; COMPILER_SIGNATURE_ID              ; 57277344925635.166792483512756 ; --            ; --                ; --             ;
; MAX_CORE_JUNCTION_TEMP             ; 85                             ; --            ; --                ; --             ;
; MIN_CORE_JUNCTION_TEMP             ; 0                              ; --            ; --                ; --             ;
; PARTITION_COLOR                    ; 16764057                       ; --            ; ALU4B_ON_HARDWARE ; Top            ;
; PARTITION_NETLIST_TYPE             ; SOURCE                         ; --            ; ALU4B_ON_HARDWARE ; Top            ;
; TOP_LEVEL_ENTITY                   ; ALU4B_ON_HARDWARE              ; Lab2          ; --                ; --             ;
; USE_GENERATED_PHYSICAL_CONSTRAINTS ; Off                            ; --            ; --                ; eda_blast_fpga ;
+------------------------------------+--------------------------------+---------------+-------------------+----------------+


+-----------------------------------------------------------------------------------------------------------------------------+
; Flow Elapsed Time                                                                                                           ;
+-------------------------+--------------+-------------------------+---------------------+------------------------------------+
; Module Name             ; Elapsed Time ; Average Processors Used ; Peak Virtual Memory ; Total CPU Time (on all processors) ;
+-------------------------+--------------+-------------------------+---------------------+------------------------------------+
; Analysis & Synthesis    ; 00:00:03     ; 1.0                     ; 4451 MB             ; 00:00:03                           ;
; Fitter                  ; 00:00:04     ; 1.0                     ; 4549 MB             ; 00:00:05                           ;
; Assembler               ; 00:00:02     ; 1.0                     ; 4440 MB             ; 00:00:01                           ;
; Classic Timing Analyzer ; 00:00:01     ; 1.0                     ; 4337 MB             ; 00:00:00                           ;
; Total                   ; 00:00:10     ; --                      ; --                  ; 00:00:09                           ;
+-------------------------+--------------+-------------------------+---------------------+------------------------------------+


+------------------------------------------------------------------------------------------+
; Flow OS Summary                                                                          ;
+-------------------------+------------------+---------------+------------+----------------+
; Module Name             ; Machine Hostname ; OS Name       ; OS Version ; Processor type ;
+-------------------------+------------------+---------------+------------+----------------+
; Analysis & Synthesis    ; phy-211-09       ; Windows Vista ; 6.2        ; x86_64         ;
; Fitter                  ; phy-211-09       ; Windows Vista ; 6.2        ; x86_64         ;
; Assembler               ; phy-211-09       ; Windows Vista ; 6.2        ; x86_64         ;
; Classic Timing Analyzer ; phy-211-09       ; Windows Vista ; 6.2        ; x86_64         ;
+-------------------------+------------------+---------------+------------+----------------+


------------
; Flow Log ;
------------
quartus_map --read_settings_files=on --write_settings_files=off Lab2 -c Lab2
quartus_fit --read_settings_files=off --write_settings_files=off Lab2 -c Lab2
quartus_asm --read_settings_files=off --write_settings_files=off Lab2 -c Lab2
quartus_tan --read_settings_files=off --write_settings_files=off Lab2 -c Lab2 --timing_analysis_only



